<?xml version="1.0" encoding="UTF-8"?>
<!-- Generated by org.testng.reporters.JUnitReportReporter -->
<testsuite hostname="Trantor-LP375" failures="0" tests="1" name="LendingPointTestAutomation.apiTests.saveOfferTests" time="15.836" errors="0" timestamp="2024-08-08T11:35:11 IST" skipped="0">
  <testcase classname="LendingPointTestAutomation.apiTests.saveOfferTests" name="saveOfferSuccess" time="15.836"/>
  <system-out/>
</testsuite> <!-- LendingPointTestAutomation.apiTests.saveOfferTests -->
