<?xml version="1.0" encoding="UTF-8"?>
<!-- Generated by org.testng.reporters.JUnitReportReporter -->
<testsuite hostname="Trantor-LP375" failures="0" tests="2" name="LendingPointTestAutomation.apiTests.qualifyAPITests" time="14.388" errors="0" timestamp="2024-08-08T11:35:11 IST" skipped="0">
  <testcase classname="LendingPointTestAutomation.apiTests.qualifyAPITests" name="newACHService" time="2.632"/>
  <system-out/>
  <testcase classname="LendingPointTestAutomation.apiTests.qualifyAPITests" name="qualifySuccessTest" time="11.756"/>
  <system-out/>
</testsuite> <!-- LendingPointTestAutomation.apiTests.qualifyAPITests -->
