<?xml version="1.0" encoding="UTF-8"?>
<!-- Generated by org.testng.reporters.JUnitReportReporter -->
<testsuite hostname="Trantor-LP375" failures="0" tests="1" name="com.TestAutomation.Actions.Action" time="5.232" errors="0" timestamp="2024-07-31T11:41:37 IST" skipped="0">
  <testcase classname="com.TestAutomation.Actions.Action" name="launchBrowser" time="5.232"/>
</testsuite> <!-- com.TestAutomation.Actions.Action -->
