<?xml version="1.0" encoding="UTF-8"?>
<!-- Generated by org.testng.reporters.JUnitReportReporter -->
<testsuite hostname="Trantor-LP375" failures="0" tests="1" name="com.TestAutomation.testcases.LoginPageTest" time="4.223" errors="0" timestamp="2024-08-05T11:45:27 IST" skipped="0">
  <testcase classname="com.TestAutomation.testcases.LoginPageTest" name="loginSuccessTest" time="4.223"/>
</testsuite> <!-- com.TestAutomation.testcases.LoginPageTest -->
