<?xml version="1.0" encoding="UTF-8"?>
<!-- Generated by org.testng.reporters.JUnitReportReporter -->
<testsuite hostname="Trantor-LP375" failures="0" tests="1" name="BaseClass.BaseClass" time="0.007" errors="0" timestamp="2024-07-31T10:31:22 IST" skipped="0">
  <testcase classname="BaseClass.BaseClass" name="printingError" time="0.007"/>
</testsuite> <!-- BaseClass.BaseClass -->
