<?xml version="1.0" encoding="UTF-8"?>
<!-- Generated by org.testng.reporters.JUnitReportReporter -->
<testsuite hostname="Trantor-LP375" failures="0" tests="8" name="com.TestAutomation.testcases.ContactUsPageTest" time="18.825" errors="0" timestamp="2024-08-05T11:45:27 IST" skipped="0">
  <testcase classname="com.TestAutomation.testcases.ContactUsPageTest" name="contactPageTitleTest" time="0.107"/>
  <testcase classname="com.TestAutomation.testcases.ContactUsPageTest" name="contactPageSubHeadingTest" time="0.073"/>
  <testcase classname="com.TestAutomation.testcases.ContactUsPageTest" name="EmailAddressFieldTest" time="0.450"/>
  <testcase classname="com.TestAutomation.testcases.ContactUsPageTest" name="OrderIdFieldTest" time="0.151"/>
  <testcase classname="com.TestAutomation.testcases.ContactUsPageTest" name="MessageFieldTest" time="0.438"/>
  <testcase classname="com.TestAutomation.testcases.ContactUsPageTest" name="SubHeadingDropdownTest" time="0.539"/>
  <testcase classname="com.TestAutomation.testcases.ContactUsPageTest" name="UploadAttachment" time="5.355"/>
  <testcase classname="com.TestAutomation.testcases.ContactUsPageTest" name="SendContactUsTest" time="11.712"/>
</testsuite> <!-- com.TestAutomation.testcases.ContactUsPageTest -->
