<?xml version="1.0" encoding="UTF-8"?>
<!-- Generated by org.testng.reporters.JUnitReportReporter -->
<testsuite hostname="Trantor-LP375" failures="0" tests="4" name="com.TestAutomation.testcases.SignUpPageTest" time="12.407" errors="0" timestamp="2024-08-05T11:45:27 IST" skipped="0">
  <testcase classname="com.TestAutomation.testcases.SignUpPageTest" name="SignUpButtonTextBoxUITest" time="0.740"/>
  <testcase classname="com.TestAutomation.testcases.SignUpPageTest" name="ClickSignUpButton" time="0.951"/>
  <testcase classname="com.TestAutomation.testcases.SignUpPageTest" name="ClickMaleGenderRadioButton" time="1.773"/>
  <testcase classname="com.TestAutomation.testcases.SignUpPageTest" name="FillSignUpForm" time="8.943"/>
</testsuite> <!-- com.TestAutomation.testcases.SignUpPageTest -->
