<?xml version="1.0" encoding="UTF-8"?>
<!-- Generated by org.testng.reporters.JUnitReportReporter -->
<testsuite hostname="Trantor-LP375" failures="0" tests="1" name="com.TestAutomation.testcases.ContactPageTest" time="9.394" errors="0" timestamp="2024-07-31T18:12:41 IST" skipped="0">
  <testcase classname="com.TestAutomation.testcases.ContactPageTest" name="contactPageTitleTest" time="9.394"/>
</testsuite> <!-- com.TestAutomation.testcases.ContactPageTest -->
